<?xml version="1.0" encoding="UTF-8"?>
<!-- Generated by org.testng.reporters.JUnitXMLReporter -->
<testsuite hostname="LAPTOP-PQ662OH2" ignored="0" name="Test" tests="4" failures="0" timestamp="2021-12-18T19:51:26 IST" time="13.168" errors="0">
  <testcase name="verifyFirstBookTitle" time="0.055" classname="tests.HomePageTests"/>
  <testcase name="verifyHomePageTitle" time="0.008" classname="tests.HomePageTests"/>
  <testcase name="verifyNewArrivalsDisplayed" time="0.086" classname="tests.HomePageTests"/>
  <testcase name="verifyNewArrivalsEnabled" time="0.032" classname="tests.HomePageTests"/>
</testsuite> <!-- Test -->
